<?xml version="1.0" encoding="UTF-8"?>
<!-- Generated by org.testng.reporters.JUnitXMLReporter -->
<testsuite ignored="0" hostname="LAPTOP-F9QK994A" failures="0" tests="5" name="Surefire test" time="0.045" errors="0" timestamp="2023-11-03T20:30:43 IST">
  <testcase classname="com.lbrce.cse.UserValidationTest" name="testCase1" time="0.011"/>
  <testcase classname="com.lbrce.cse.UserValidationTest" name="testCase2" time="0.001"/>
  <testcase classname="com.lbrce.cse.UserValidationTest" name="testCase3" time="0.001"/>
  <testcase classname="com.lbrce.cse.UserValidationTest" name="testCase4" time="0.0"/>
  <testcase classname="com.lbrce.cse.UserValidationTest" name="testCase5" time="0.0"/>
</testsuite> <!-- Surefire test -->
